━━━━━━━━━━━━━━━━━━━━━━━━━━━━━━━━━━━━━━━━━━━━━━━━━━━━━━━━
▶ 2025-05-14 01:18:55
▶ Device          : cuda
▶ GPU             : NVIDIA RTX 6000 Ada Generation | mem 50.9 GB
▶ Epochs          : 100 | Batch 32 | seq_length 20
━━━━━━━━━━━━━━━━━━━━━━━━━━━━━━━━━━━━━━━━━━━━━━━━━━━━━━━━

==== TAIL ====
    ── Epoch   1/100 ──
       RMSE train 1.4565 | val 0.0502
    ── Epoch   2/100 ──
    ── Epoch   3/100 ──
    ── Epoch   4/100 ──
    ── Epoch   5/100 ──
    ── Epoch   6/100 ──
    ── Epoch   7/100 ──
    ── Epoch   8/100 ──
    ── Epoch   9/100 ──
    ── Epoch  10/100 ──
       RMSE train 0.1328 | val 0.0415
    ── Epoch  11/100 ──
    ── Epoch  12/100 ──
    ── Epoch  13/100 ──
    ── Epoch  14/100 ──
    ── Epoch  15/100 ──
    ── Epoch  16/100 ──
    ── Epoch  17/100 ──
    ── Epoch  18/100 ──
    ── Epoch  19/100 ──
    ── Epoch  20/100 ──
       RMSE train 0.1197 | val 0.0464
    ── Epoch  21/100 ──
    ── Epoch  22/100 ──
    ── Epoch  23/100 ──
    ── Epoch  24/100 ──
    ── Epoch  25/100 ──
    ── Epoch  26/100 ──
    ── Epoch  27/100 ──
    ── Epoch  28/100 ──
    ── Epoch  29/100 ──
    ── Epoch  30/100 ──
       RMSE train 0.1030 | val 0.0494
    ── Epoch  31/100 ──
    ── Epoch  32/100 ──
    ── Epoch  33/100 ──
    ── Epoch  34/100 ──
    ── Epoch  35/100 ──
    ── Epoch  36/100 ──
    ── Epoch  37/100 ──
    ── Epoch  38/100 ──
    ── Epoch  39/100 ──
    ── Epoch  40/100 ──
       RMSE train 0.0881 | val 0.0406
    ── Epoch  41/100 ──
    ── Epoch  42/100 ──
    ── Epoch  43/100 ──
    ── Epoch  44/100 ──
    ── Epoch  45/100 ──
    ── Epoch  46/100 ──
    ── Epoch  47/100 ──
    ── Epoch  48/100 ──
    ── Epoch  49/100 ──
    ── Epoch  50/100 ──
       RMSE train 0.0817 | val 0.0414
    ── Epoch  51/100 ──
    ── Epoch  52/100 ──
    ── Epoch  53/100 ──
    ── Epoch  54/100 ──
    ── Epoch  55/100 ──
    ── Epoch  56/100 ──
    ── Epoch  57/100 ──
    ── Epoch  58/100 ──
    ── Epoch  59/100 ──
    ── Epoch  60/100 ──
       RMSE train 0.0776 | val 0.0420
    ── Epoch  61/100 ──
    ── Epoch  62/100 ──
    ── Epoch  63/100 ──
    ── Epoch  64/100 ──
    ── Epoch  65/100 ──
    ── Epoch  66/100 ──
    ── Epoch  67/100 ──
    ── Epoch  68/100 ──
    ── Epoch  69/100 ──
    ── Epoch  70/100 ──
       RMSE train 0.0752 | val 0.0433
    ── Epoch  71/100 ──
    ── Epoch  72/100 ──
    ── Epoch  73/100 ──
    ── Epoch  74/100 ──
    ── Epoch  75/100 ──
    ── Epoch  76/100 ──
    ── Epoch  77/100 ──
    ── Epoch  78/100 ──
    ── Epoch  79/100 ──
    ── Epoch  80/100 ──
       RMSE train 0.0727 | val 0.0417
    ── Epoch  81/100 ──
    ── Epoch  82/100 ──
    ── Epoch  83/100 ──
    ── Epoch  84/100 ──
    ── Epoch  85/100 ──
    ── Epoch  86/100 ──
    ── Epoch  87/100 ──
    ── Epoch  88/100 ──
    ── Epoch  89/100 ──
    ── Epoch  90/100 ──
       RMSE train 0.0710 | val 0.0440
    ── Epoch  91/100 ──
    ── Epoch  92/100 ──
    ── Epoch  93/100 ──
    ── Epoch  94/100 ──
    ── Epoch  95/100 ──
    ── Epoch  96/100 ──
    ── Epoch  97/100 ──
    ── Epoch  98/100 ──
    ── Epoch  99/100 ──
    ── Epoch 100/100 ──
       RMSE train 0.0702 | val 0.0479
    ✓ checkpoint saved
  • final test RMSE : 0.0647
  • global saliency …
