Using device: cuda

 ══════════════════════════════ Fish 9 ══════════════════════════════

— Run 1/5 —
SeqLen = 10
⎡Epoch 01/10 ⎣ Train 0.2418 | Val 0.0049
⎡Epoch 02/10 ⎣ Train 0.0022 | Val 0.0034
⎡Epoch 03/10 ⎣ Train 0.0018 | Val 0.0032
⎡Epoch 04/10 ⎣ Train 0.0017 | Val 0.0026
⎡Epoch 05/10 ⎣ Train 0.0017 | Val 0.0025
⎡Epoch 06/10 ⎣ Train 0.0015 | Val 0.0024
⎡Epoch 07/10 ⎣ Train 0.0016 | Val 0.0034
⎡Epoch 08/10 ⎣ Train 0.0018 | Val 0.0023
⎡Epoch 09/10 ⎣ Train 0.0014 | Val 0.0022
⎡Epoch 10/10 ⎣ Train 0.0015 | Val 0.0029
RMSE = 0.0521
Top-10 neurons: [9784, 4439, 3610, 5584, 308, 9619, 282, 4510, 5026, 9394] scores: [0.00943846 0.0079786  0.00756673 0.00744207 0.00735265 0.00726184
 0.0071624  0.00699924 0.00693238 0.00607302]

— Run 2/5 —
SeqLen = 10
⎡Epoch 01/10 ⎣ Train 2.3384 | Val 0.0052
⎡Epoch 02/10 ⎣ Train 0.0025 | Val 0.0023
⎡Epoch 03/10 ⎣ Train 0.0016 | Val 0.0028
⎡Epoch 04/10 ⎣ Train 0.0015 | Val 0.0022
⎡Epoch 05/10 ⎣ Train 0.0014 | Val 0.0022
⎡Epoch 06/10 ⎣ Train 0.0014 | Val 0.0021
⎡Epoch 07/10 ⎣ Train 0.0013 | Val 0.0022
⎡Epoch 08/10 ⎣ Train 0.0013 | Val 0.0023
⎡Epoch 09/10 ⎣ Train 0.0013 | Val 0.0023
⎡Epoch 10/10 ⎣ Train 0.0013 | Val 0.0037
RMSE = 0.0589
Top-10 neurons: [4937, 4251, 2657, 2774, 8866, 8527, 1246, 348, 415, 2365] scores: [0.00457166 0.00447811 0.00422666 0.00419585 0.00407868 0.00388863
 0.00388625 0.00387993 0.00385843 0.00381631]

— Run 3/5 —
SeqLen = 10
⎡Epoch 01/10 ⎣ Train 3.8510 | Val 3.6891
⎡Epoch 02/10 ⎣ Train 2.8421 | Val 1.2246
⎡Epoch 03/10 ⎣ Train 0.6920 | Val 0.7224
⎡Epoch 04/10 ⎣ Train 0.0317 | Val 0.0032
⎡Epoch 05/10 ⎣ Train 0.0026 | Val 0.0018
⎡Epoch 06/10 ⎣ Train 0.0023 | Val 0.0020
⎡Epoch 07/10 ⎣ Train 0.0020 | Val 0.0018
⎡Epoch 08/10 ⎣ Train 0.0019 | Val 0.0019
⎡Epoch 09/10 ⎣ Train 0.0020 | Val 0.0024
⎡Epoch 10/10 ⎣ Train 0.0019 | Val 0.0032
RMSE = 0.0471
Top-10 neurons: [18, 9142, 7593, 9670, 2500, 3733, 41, 7, 3548, 439] scores: [0.00258694 0.00250964 0.00239849 0.00228681 0.00227868 0.00220794
 0.00220781 0.00213878 0.0021129  0.00200372]

— Run 4/5 —
SeqLen = 10
⎡Epoch 01/10 ⎣ Train 0.2628 | Val 0.0043
⎡Epoch 02/10 ⎣ Train 0.0029 | Val 0.0025
⎡Epoch 03/10 ⎣ Train 0.0018 | Val 0.0023
⎡Epoch 04/10 ⎣ Train 0.0017 | Val 0.0024
⎡Epoch 05/10 ⎣ Train 0.0016 | Val 0.0023
⎡Epoch 06/10 ⎣ Train 0.0014 | Val 0.0023
⎡Epoch 07/10 ⎣ Train 0.0014 | Val 0.0022
⎡Epoch 08/10 ⎣ Train 0.0014 | Val 0.0022
⎡Epoch 09/10 ⎣ Train 0.0014 | Val 0.0022
⎡Epoch 10/10 ⎣ Train 0.0014 | Val 0.0020
RMSE = 0.0380
Top-10 neurons: [4974, 4622, 3157, 4251, 2249, 7035, 69, 4571, 6636, 9726] scores: [0.00550854 0.00539213 0.00474007 0.00471425 0.00465046 0.00458662
 0.00456218 0.00444196 0.00434806 0.00431275]

— Run 5/5 —
SeqLen = 10
⎡Epoch 01/10 ⎣ Train 0.8488 | Val 0.0146
⎡Epoch 02/10 ⎣ Train 0.0043 | Val 0.0016
⎡Epoch 03/10 ⎣ Train 0.0019 | Val 0.0017
⎡Epoch 04/10 ⎣ Train 0.0016 | Val 0.0023
⎡Epoch 05/10 ⎣ Train 0.0016 | Val 0.0019
⎡Epoch 06/10 ⎣ Train 0.0015 | Val 0.0018
⎡Epoch 07/10 ⎣ Train 0.0015 | Val 0.0024
⎡Epoch 08/10 ⎣ Train 0.0015 | Val 0.0020
⎡Epoch 09/10 ⎣ Train 0.0014 | Val 0.0021
⎡Epoch 10/10 ⎣ Train 0.0014 | Val 0.0023
RMSE = 0.0455
Top-10 neurons: [6078, 2060, 246, 3117, 2683, 2449, 18, 9784, 71, 5007] scores: [0.0045023  0.00410277 0.00381831 0.00369031 0.00358827 0.00334059
 0.00333655 0.00329096 0.00326726 0.00318149]

 ══════════════════════════════ Fish 10 ══════════════════════════════

— Run 1/5 —
SeqLen = 10
⎡Epoch 01/10 ⎣ Train 0.4828 | Val 0.0034
⎡Epoch 02/10 ⎣ Train 0.0028 | Val 0.0023
⎡Epoch 03/10 ⎣ Train 0.0025 | Val 0.0022
⎡Epoch 04/10 ⎣ Train 0.0024 | Val 0.0023
⎡Epoch 05/10 ⎣ Train 0.0023 | Val 0.0022
⎡Epoch 06/10 ⎣ Train 0.0023 | Val 0.0021
⎡Epoch 07/10 ⎣ Train 0.0022 | Val 0.0022
⎡Epoch 08/10 ⎣ Train 0.0022 | Val 0.0022
⎡Epoch 09/10 ⎣ Train 0.0022 | Val 0.0021
⎡Epoch 10/10 ⎣ Train 0.0021 | Val 0.0021
RMSE = 0.0440
Top-10 neurons: [1499, 2233, 3867, 2619, 4554, 1910, 5388, 1872, 671, 2814] scores: [0.00618766 0.00612925 0.00595699 0.00586948 0.00560755 0.00544614
 0.00541114 0.00526289 0.00508506 0.00504095]

— Run 2/5 —
SeqLen = 10
⎡Epoch 01/10 ⎣ Train 0.6935 | Val 0.0055
⎡Epoch 02/10 ⎣ Train 0.0035 | Val 0.0021
⎡Epoch 03/10 ⎣ Train 0.0027 | Val 0.0022
⎡Epoch 04/10 ⎣ Train 0.0025 | Val 0.0021
⎡Epoch 05/10 ⎣ Train 0.0024 | Val 0.0021
⎡Epoch 06/10 ⎣ Train 0.0024 | Val 0.0021
⎡Epoch 07/10 ⎣ Train 0.0023 | Val 0.0021
⎡Epoch 08/10 ⎣ Train 0.0023 | Val 0.0021
⎡Epoch 09/10 ⎣ Train 0.0022 | Val 0.0021
⎡Epoch 10/10 ⎣ Train 0.0022 | Val 0.0021
RMSE = 0.0461
Top-10 neurons: [1680, 2636, 4459, 2472, 190, 2233, 119, 2016, 4149, 5277] scores: [0.00665961 0.0059843  0.00567157 0.00563882 0.00500326 0.00499928
 0.00499512 0.00494565 0.00493357 0.00484323]

— Run 3/5 —
SeqLen = 10
⎡Epoch 01/10 ⎣ Train 0.7535 | Val 0.0046
⎡Epoch 02/10 ⎣ Train 0.0045 | Val 0.0027
⎡Epoch 03/10 ⎣ Train 0.0036 | Val 0.0024
⎡Epoch 04/10 ⎣ Train 0.0030 | Val 0.0023
⎡Epoch 05/10 ⎣ Train 0.0025 | Val 0.0030
⎡Epoch 06/10 ⎣ Train 0.0024 | Val 0.0022
⎡Epoch 07/10 ⎣ Train 0.0024 | Val 0.0053
⎡Epoch 08/10 ⎣ Train 0.0024 | Val 0.0022
⎡Epoch 09/10 ⎣ Train 0.0024 | Val 0.0022
⎡Epoch 10/10 ⎣ Train 0.0025 | Val 0.0022
RMSE = 0.0493
Top-10 neurons: [1499, 5277, 4149, 2850, 3823, 671, 4631, 4459, 1521, 2837] scores: [0.01181903 0.01116846 0.01026358 0.00957987 0.00889561 0.00885836
 0.00846089 0.00831868 0.00830739 0.00795966]

— Run 4/5 —
SeqLen = 10
⎡Epoch 01/10 ⎣ Train 1.3168 | Val 0.0052
⎡Epoch 02/10 ⎣ Train 0.0052 | Val 0.0028
⎡Epoch 03/10 ⎣ Train 0.0032 | Val 0.0024
⎡Epoch 04/10 ⎣ Train 0.0028 | Val 0.0025
⎡Epoch 05/10 ⎣ Train 0.0027 | Val 0.0024
⎡Epoch 06/10 ⎣ Train 0.0025 | Val 0.0022
⎡Epoch 07/10 ⎣ Train 0.0025 | Val 0.0025
⎡Epoch 08/10 ⎣ Train 0.0024 | Val 0.0024
⎡Epoch 09/10 ⎣ Train 0.0024 | Val 0.0028
⎡Epoch 10/10 ⎣ Train 0.0024 | Val 0.0024
RMSE = 0.0469
Top-10 neurons: [1872, 819, 3666, 4308, 2850, 1848, 870, 3523, 2636, 4727] scores: [0.01409913 0.01327491 0.01286291 0.01274536 0.01148148 0.01121521
 0.01119956 0.01042616 0.01028465 0.00989826]

— Run 5/5 —
SeqLen = 10
⎡Epoch 01/10 ⎣ Train 3.0678 | Val 0.3673
⎡Epoch 02/10 ⎣ Train 0.0591 | Val 0.0083
⎡Epoch 03/10 ⎣ Train 0.0068 | Val 0.0030
⎡Epoch 04/10 ⎣ Train 0.0037 | Val 0.0025
⎡Epoch 05/10 ⎣ Train 0.0029 | Val 0.0024
⎡Epoch 06/10 ⎣ Train 0.0026 | Val 0.0023
⎡Epoch 07/10 ⎣ Train 0.0025 | Val 0.0023
⎡Epoch 08/10 ⎣ Train 0.0024 | Val 0.0022
⎡Epoch 09/10 ⎣ Train 0.0023 | Val 0.0021
⎡Epoch 10/10 ⎣ Train 0.0023 | Val 0.0021
RMSE = 0.0560
Top-10 neurons: [4871, 870, 5277, 2742, 17, 5375, 334, 606, 223, 4327] scores: [0.00941789 0.00891967 0.0084142  0.00783767 0.00683476 0.00680919
 0.00663121 0.00642309 0.0063231  0.00624162]

 ══════════════════════════════ Fish 11 ══════════════════════════════

— Run 1/5 —
SeqLen = 10
⎡Epoch 01/10 ⎣ Train 0.5452 | Val 0.0081
⎡Epoch 02/10 ⎣ Train 0.0041 | Val 0.0026
⎡Epoch 03/10 ⎣ Train 0.0029 | Val 0.0025
⎡Epoch 04/10 ⎣ Train 0.0027 | Val 0.0024
⎡Epoch 05/10 ⎣ Train 0.0023 | Val 0.0021
⎡Epoch 06/10 ⎣ Train 0.0021 | Val 0.0019
⎡Epoch 07/10 ⎣ Train 0.0020 | Val 0.0018
⎡Epoch 08/10 ⎣ Train 0.0019 | Val 0.0019
⎡Epoch 09/10 ⎣ Train 0.0019 | Val 0.0018
⎡Epoch 10/10 ⎣ Train 0.0018 | Val 0.0019
RMSE = 0.0560
Top-10 neurons: [5452, 7501, 10592, 123, 7179, 89, 8280, 10310, 3015, 10920] scores: [0.00740019 0.00680101 0.00637367 0.0058956  0.00570459 0.00555553
 0.00534273 0.00532782 0.00519201 0.00499474]

— Run 2/5 —
SeqLen = 10
⎡Epoch 01/10 ⎣ Train 0.3899 | Val 0.0017
⎡Epoch 02/10 ⎣ Train 0.0022 | Val 0.0015
⎡Epoch 03/10 ⎣ Train 0.0019 | Val 0.0013
⎡Epoch 04/10 ⎣ Train 0.0018 | Val 0.0013
⎡Epoch 05/10 ⎣ Train 0.0017 | Val 0.0013
⎡Epoch 06/10 ⎣ Train 0.0017 | Val 0.0014
⎡Epoch 07/10 ⎣ Train 0.0016 | Val 0.0012
⎡Epoch 08/10 ⎣ Train 0.0016 | Val 0.0012
⎡Epoch 09/10 ⎣ Train 0.0015 | Val 0.0013
⎡Epoch 10/10 ⎣ Train 0.0015 | Val 0.0013
RMSE = 0.0505
Top-10 neurons: [7501, 3008, 12231, 5452, 3925, 322, 9876, 7175, 1270, 5179] scores: [0.00816302 0.0049465  0.00479161 0.00398661 0.00350533 0.00350387
 0.00345416 0.00326196 0.00320873 0.00320629]

— Run 3/5 —
SeqLen = 10
⎡Epoch 01/10 ⎣ Train 0.5986 | Val 0.0114
⎡Epoch 02/10 ⎣ Train 0.0044 | Val 0.0026
⎡Epoch 03/10 ⎣ Train 0.0028 | Val 0.0021
⎡Epoch 04/10 ⎣ Train 0.0024 | Val 0.0018
⎡Epoch 05/10 ⎣ Train 0.0022 | Val 0.0018
⎡Epoch 06/10 ⎣ Train 0.0021 | Val 0.0019
⎡Epoch 07/10 ⎣ Train 0.0020 | Val 0.0016
⎡Epoch 08/10 ⎣ Train 0.0019 | Val 0.0015
⎡Epoch 09/10 ⎣ Train 0.0018 | Val 0.0016
⎡Epoch 10/10 ⎣ Train 0.0017 | Val 0.0014
RMSE = 0.0576
Top-10 neurons: [5179, 2875, 13624, 2759, 9265, 5452, 3008, 4880, 6901, 7087] scores: [0.00855244 0.00831516 0.00607292 0.00570523 0.00545118 0.0048759
 0.00475188 0.00452483 0.0044566  0.00443113]

— Run 4/5 —
SeqLen = 10
⎡Epoch 01/10 ⎣ Train 0.1964 | Val 0.0027
⎡Epoch 02/10 ⎣ Train 0.0027 | Val 0.0018
⎡Epoch 03/10 ⎣ Train 0.0020 | Val 0.0016
⎡Epoch 04/10 ⎣ Train 0.0018 | Val 0.0014
⎡Epoch 05/10 ⎣ Train 0.0018 | Val 0.0015
⎡Epoch 06/10 ⎣ Train 0.0017 | Val 0.0013
⎡Epoch 07/10 ⎣ Train 0.0016 | Val 0.0015
⎡Epoch 08/10 ⎣ Train 0.0015 | Val 0.0014
⎡Epoch 09/10 ⎣ Train 0.0015 | Val 0.0013
⎡Epoch 10/10 ⎣ Train 0.0016 | Val 0.0013
RMSE = 0.0529
Top-10 neurons: [2616, 8401, 12287, 427, 1270, 11891, 5184, 4880, 9653, 13995] scores: [0.007827   0.00581175 0.00508964 0.00452778 0.00433852 0.00419203
 0.00412956 0.0041011  0.00397655 0.00383044]

— Run 5/5 —
SeqLen = 10
⎡Epoch 01/10 ⎣ Train 2.8639 | Val 2.4073
⎡Epoch 02/10 ⎣ Train 1.6899 | Val 0.7753
⎡Epoch 03/10 ⎣ Train 0.5815 | Val 0.1548
⎡Epoch 04/10 ⎣ Train 0.1318 | Val 0.0368
⎡Epoch 05/10 ⎣ Train 0.0278 | Val 0.0039
⎡Epoch 06/10 ⎣ Train 0.0042 | Val 0.0019
⎡Epoch 07/10 ⎣ Train 0.0032 | Val 0.0014
⎡Epoch 08/10 ⎣ Train 0.0030 | Val 0.0014
⎡Epoch 09/10 ⎣ Train 0.0027 | Val 0.0013
⎡Epoch 10/10 ⎣ Train 0.0024 | Val 0.0013
RMSE = 0.0539
Top-10 neurons: [5184, 6901, 7501, 12287, 397, 9575, 9558, 162, 10672, 2523] scores: [0.00206647 0.00199882 0.00174248 0.00161378 0.00138832 0.00138428
 0.00136854 0.00136672 0.00134672 0.00129521]

 ══════════════════════════════ Fish 12 ══════════════════════════════

— Run 1/5 —
SeqLen = 10
⎡Epoch 01/10 ⎣ Train 0.8609 | Val 0.0274
⎡Epoch 02/10 ⎣ Train 0.0119 | Val 0.0102
⎡Epoch 03/10 ⎣ Train 0.0117 | Val 0.0138
⎡Epoch 04/10 ⎣ Train 0.0099 | Val 0.0084
⎡Epoch 05/10 ⎣ Train 0.0056 | Val 0.0053
⎡Epoch 06/10 ⎣ Train 0.0040 | Val 0.0048
⎡Epoch 07/10 ⎣ Train 0.0035 | Val 0.0044
⎡Epoch 08/10 ⎣ Train 0.0033 | Val 0.0042
⎡Epoch 09/10 ⎣ Train 0.0032 | Val 0.0042
⎡Epoch 10/10 ⎣ Train 0.0030 | Val 0.0040
RMSE = 0.0604
Top-10 neurons: [1787, 7578, 7416, 312, 5560, 3728, 9148, 2857, 5638, 4292] scores: [0.01471919 0.00862495 0.00724467 0.00686531 0.00634937 0.00604917
 0.00602663 0.00587464 0.00585681 0.00579815]

— Run 2/5 —
SeqLen = 10
⎡Epoch 01/10 ⎣ Train 0.6198 | Val 0.0055
⎡Epoch 02/10 ⎣ Train 0.0036 | Val 0.0028
⎡Epoch 03/10 ⎣ Train 0.0027 | Val 0.0022
⎡Epoch 04/10 ⎣ Train 0.0023 | Val 0.0021
⎡Epoch 05/10 ⎣ Train 0.0022 | Val 0.0022
⎡Epoch 06/10 ⎣ Train 0.0021 | Val 0.0020
⎡Epoch 07/10 ⎣ Train 0.0020 | Val 0.0020
⎡Epoch 08/10 ⎣ Train 0.0020 | Val 0.0023
⎡Epoch 09/10 ⎣ Train 0.0020 | Val 0.0021
⎡Epoch 10/10 ⎣ Train 0.0019 | Val 0.0019
RMSE = 0.0527
Top-10 neurons: [5736, 7051, 5113, 629, 200, 9755, 5742, 2479, 3144, 4685] scores: [0.00656489 0.00618498 0.0057861  0.00557394 0.00536433 0.00524883
 0.00496208 0.00489101 0.00476121 0.00472333]

— Run 3/5 —
SeqLen = 10
⎡Epoch 01/10 ⎣ Train 2.0013 | Val 0.0128
⎡Epoch 02/10 ⎣ Train 0.0042 | Val 0.0027
⎡Epoch 03/10 ⎣ Train 0.0027 | Val 0.0027
⎡Epoch 04/10 ⎣ Train 0.0026 | Val 0.0023
⎡Epoch 05/10 ⎣ Train 0.0024 | Val 0.0023
⎡Epoch 06/10 ⎣ Train 0.0022 | Val 0.0022
⎡Epoch 07/10 ⎣ Train 0.0023 | Val 0.0024
⎡Epoch 08/10 ⎣ Train 0.0021 | Val 0.0025
⎡Epoch 09/10 ⎣ Train 0.0021 | Val 0.0022
⎡Epoch 10/10 ⎣ Train 0.0020 | Val 0.0021
RMSE = 0.0473
Top-10 neurons: [1946, 2588, 42, 7524, 5736, 4850, 3309, 5560, 9341, 609] scores: [0.01024426 0.01003135 0.00980379 0.00962454 0.00959475 0.00827912
 0.00809305 0.00802773 0.00797533 0.00756008]

— Run 4/5 —
SeqLen = 10
⎡Epoch 01/10 ⎣ Train 0.5089 | Val 0.0084
⎡Epoch 02/10 ⎣ Train 0.0049 | Val 0.0035
⎡Epoch 03/10 ⎣ Train 0.0030 | Val 0.0032
⎡Epoch 04/10 ⎣ Train 0.0025 | Val 0.0023
⎡Epoch 05/10 ⎣ Train 0.0022 | Val 0.0022
⎡Epoch 06/10 ⎣ Train 0.0021 | Val 0.0022
⎡Epoch 07/10 ⎣ Train 0.0021 | Val 0.0021
⎡Epoch 08/10 ⎣ Train 0.0020 | Val 0.0022
⎡Epoch 09/10 ⎣ Train 0.0020 | Val 0.0022
⎡Epoch 10/10 ⎣ Train 0.0020 | Val 0.0023
RMSE = 0.0577
Top-10 neurons: [10559, 2730, 1618, 5560, 2914, 5219, 4636, 1787, 1877, 3774] scores: [0.0100044  0.00815249 0.00796662 0.00743585 0.00734131 0.00695651
 0.00669031 0.00652917 0.00619766 0.00613497]

— Run 5/5 —
SeqLen = 10
⎡Epoch 01/10 ⎣ Train 0.5243 | Val 0.0121
⎡Epoch 02/10 ⎣ Train 0.0075 | Val 0.0042
⎡Epoch 03/10 ⎣ Train 0.0036 | Val 0.0033
⎡Epoch 04/10 ⎣ Train 0.0029 | Val 0.0029
⎡Epoch 05/10 ⎣ Train 0.0026 | Val 0.0025
⎡Epoch 06/10 ⎣ Train 0.0024 | Val 0.0024
⎡Epoch 07/10 ⎣ Train 0.0023 | Val 0.0026
⎡Epoch 08/10 ⎣ Train 0.0022 | Val 0.0025
⎡Epoch 09/10 ⎣ Train 0.0021 | Val 0.0024
⎡Epoch 10/10 ⎣ Train 0.0020 | Val 0.0025
RMSE = 0.0548
Top-10 neurons: [7168, 7578, 5742, 2907, 7139, 4302, 8449, 1459, 2830, 10043] scores: [0.00733068 0.00724484 0.00698156 0.00635796 0.0058326  0.00555685
 0.00549589 0.00538358 0.00517102 0.00502738]

 ══════════════════════════════ Fish 13 ══════════════════════════════

— Run 1/5 —
SeqLen = 10
⎡Epoch 01/10 ⎣ Train 1.7696 | Val 0.0160
⎡Epoch 02/10 ⎣ Train 0.1186 | Val 0.0311
⎡Epoch 03/10 ⎣ Train 0.0069 | Val 0.0051
⎡Epoch 04/10 ⎣ Train 0.0039 | Val 0.0052
⎡Epoch 05/10 ⎣ Train 0.0036 | Val 0.0053
⎡Epoch 06/10 ⎣ Train 0.0035 | Val 0.0049
⎡Epoch 07/10 ⎣ Train 0.0033 | Val 0.0045
⎡Epoch 08/10 ⎣ Train 0.0031 | Val 0.0050
⎡Epoch 09/10 ⎣ Train 0.0032 | Val 0.0051
⎡Epoch 10/10 ⎣ Train 0.0030 | Val 0.0048
RMSE = 0.0477
Top-10 neurons: [3494, 5912, 3, 6515, 9171, 484, 724, 2809, 3977, 3028] scores: [0.00533178 0.00519954 0.00509745 0.0042882  0.00422108 0.0042148
 0.00409016 0.00399934 0.00397787 0.00381008]

— Run 2/5 —
SeqLen = 10
⎡Epoch 01/10 ⎣ Train 0.5836 | Val 0.0082
⎡Epoch 02/10 ⎣ Train 0.0050 | Val 0.0049
⎡Epoch 03/10 ⎣ Train 0.0036 | Val 0.0042
⎡Epoch 04/10 ⎣ Train 0.0033 | Val 0.0043
⎡Epoch 05/10 ⎣ Train 0.0031 | Val 0.0047
⎡Epoch 06/10 ⎣ Train 0.0031 | Val 0.0046
⎡Epoch 07/10 ⎣ Train 0.0030 | Val 0.0047
⎡Epoch 08/10 ⎣ Train 0.0030 | Val 0.0049
⎡Epoch 09/10 ⎣ Train 0.0029 | Val 0.0045
⎡Epoch 10/10 ⎣ Train 0.0028 | Val 0.0047
RMSE = 0.0553
Top-10 neurons: [484, 7670, 4836, 1393, 3977, 3494, 8330, 1830, 4833, 3714] scores: [0.01525296 0.00913144 0.00855058 0.00835156 0.00799943 0.00775532
 0.00746083 0.00728153 0.00719793 0.0071562 ]

— Run 3/5 —
SeqLen = 10
⎡Epoch 01/10 ⎣ Train 0.3583 | Val 0.0061
⎡Epoch 02/10 ⎣ Train 0.0041 | Val 0.0059
⎡Epoch 03/10 ⎣ Train 0.0036 | Val 0.0052
⎡Epoch 04/10 ⎣ Train 0.0033 | Val 0.0044
⎡Epoch 05/10 ⎣ Train 0.0031 | Val 0.0045
⎡Epoch 06/10 ⎣ Train 0.0029 | Val 0.0048
⎡Epoch 07/10 ⎣ Train 0.0027 | Val 0.0046
⎡Epoch 08/10 ⎣ Train 0.0026 | Val 0.0050
⎡Epoch 09/10 ⎣ Train 0.0025 | Val 0.0045
⎡Epoch 10/10 ⎣ Train 0.0025 | Val 0.0045
RMSE = 0.0556
Top-10 neurons: [3494, 3493, 408, 1716, 1393, 1204, 3203, 1837, 1992, 4888] scores: [0.01075307 0.00995279 0.0084373  0.00807848 0.0067581  0.00634963
 0.00634936 0.00627635 0.00623527 0.00620812]

— Run 4/5 —
SeqLen = 10
⎡Epoch 01/10 ⎣ Train 0.2832 | Val 0.0056
⎡Epoch 02/10 ⎣ Train 0.0045 | Val 0.0052
⎡Epoch 03/10 ⎣ Train 0.0038 | Val 0.0047
⎡Epoch 04/10 ⎣ Train 0.0035 | Val 0.0048
⎡Epoch 05/10 ⎣ Train 0.0033 | Val 0.0047
⎡Epoch 06/10 ⎣ Train 0.0032 | Val 0.0046
⎡Epoch 07/10 ⎣ Train 0.0030 | Val 0.0049
⎡Epoch 08/10 ⎣ Train 0.0028 | Val 0.0044
⎡Epoch 09/10 ⎣ Train 0.0027 | Val 0.0051
⎡Epoch 10/10 ⎣ Train 0.0027 | Val 0.0046
RMSE = 0.0563
Top-10 neurons: [484, 1204, 8951, 1559, 5013, 2289, 3, 6416, 3171, 4975] scores: [0.00959181 0.00912971 0.00833888 0.00779678 0.00736247 0.00720623
 0.00695187 0.00670073 0.00665931 0.00615225]

— Run 5/5 —
SeqLen = 10
⎡Epoch 01/10 ⎣ Train 0.6241 | Val 0.0086
⎡Epoch 02/10 ⎣ Train 0.0075 | Val 0.0051
⎡Epoch 03/10 ⎣ Train 0.0047 | Val 0.0047
⎡Epoch 04/10 ⎣ Train 0.0042 | Val 0.0048
⎡Epoch 05/10 ⎣ Train 0.0039 | Val 0.0047
⎡Epoch 06/10 ⎣ Train 0.0037 | Val 0.0047
⎡Epoch 07/10 ⎣ Train 0.0036 | Val 0.0048
⎡Epoch 08/10 ⎣ Train 0.0035 | Val 0.0046
⎡Epoch 09/10 ⎣ Train 0.0034 | Val 0.0048
⎡Epoch 10/10 ⎣ Train 0.0033 | Val 0.0047
RMSE = 0.0547
Top-10 neurons: [484, 1746, 562, 3, 3176, 6813, 1763, 3814, 8963, 3493] scores: [0.00760008 0.00674822 0.00653177 0.006237   0.00617574 0.00601988
 0.00591446 0.00579607 0.00568594 0.00518797]

All fish completed.
