Using device: cuda

====================================
Processing Fish 9
====================================
Neural data shape: (3047, 12499)
Tail data shape: (3047, 6)
Ground truth for val/test saved.
Input_dim=12499, Output_dim=6

====================================
Processing Fish 10
====================================
Neural data shape: (2793, 7441)
Tail data shape: (2793, 6)
Ground truth for val/test saved.
Input_dim=7441, Output_dim=6

====================================
Processing Fish 11
====================================
Neural data shape: (2798, 14015)
Tail data shape: (2798, 6)
Ground truth for val/test saved.
Input_dim=14015, Output_dim=6

====================================
Processing Fish 12
====================================
Neural data shape: (2793, 10581)
Tail data shape: (2793, 6)
Ground truth for val/test saved.
Input_dim=10581, Output_dim=6

====================================
Processing Fish 13
====================================
Neural data shape: (2793, 9336)
Tail data shape: (2793, 6)
Ground truth for val/test saved.
Input_dim=9336, Output_dim=6
